MyApplication/activity/build/intermediates/manifest_merge_blame_file/debug/manifest-merger-blame-debug-report.txt
1<?xml version="1.0" encoding="utf-8"?>
2<manifest xmlns:android="http://schemas.android.com/apk/res/android"
3    package="com.example.activity"
4    android:versionCode="1"
5    android:versionName="1.0" >
6
7    <uses-sdk
8        android:minSdkVersion="21"
8-->src\main\AndroidManifest.xml
9        android:targetSdkVersion="32" />
9-->src\main\AndroidManifest.xml
10
11    <uses-permission android:name="android.permission.CALL_PHONE" />
11-->src\main\AndroidManifest.xml:4:5-69
11-->src\main\AndroidManifest.xml:4:22-66
12    <uses-permission android:name="android.permission.SEND_SMS" />
12-->src\main\AndroidManifest.xml:5:5-67
12-->src\main\AndroidManifest.xml:5:22-64
13
14    <application
14-->src\main\AndroidManifest.xml:7:5-61:19
15        android:allowBackup="true"
15-->src\main\AndroidManifest.xml:8:9-35
16        android:appComponentFactory="androidx.core.app.CoreComponentFactory"
16-->[androidx.core:core:1.7.0] AndroidManifest.xml:24:18-86
17        android:debuggable="true"
18        android:icon="@mipmap/ic_launcher"
18-->src\main\AndroidManifest.xml:9:9-43
19        android:label="@string/app_name"
19-->src\main\AndroidManifest.xml:10:9-41
20        android:roundIcon="@mipmap/ic_launcher_round"
20-->src\main\AndroidManifest.xml:11:9-54
21        android:supportsRtl="true"
21-->src\main\AndroidManifest.xml:12:9-35
22        android:testOnly="true"
23        android:theme="@style/Theme.MyApplication" >
23-->src\main\AndroidManifest.xml:13:9-51
24        <activity
24-->src\main\AndroidManifest.xml:14:9-20:20
25            android:name="com.example.activity.loginActivity"
25-->src\main\AndroidManifest.xml:15:13-42
26            android:exported="false" >
26-->src\main\AndroidManifest.xml:16:13-37
27            <meta-data
27-->src\main\AndroidManifest.xml:17:13-19:36
28                android:name="android.app.lib_name"
28-->src\main\AndroidManifest.xml:18:17-52
29                android:value="" />
29-->src\main\AndroidManifest.xml:19:17-33
30        </activity>
31        <activity
31-->src\main\AndroidManifest.xml:21:9-33:20
32            android:name="com.example.activity.ShowActivity"
32-->src\main\AndroidManifest.xml:22:13-41
33            android:exported="true" >
33-->src\main\AndroidManifest.xml:23:13-36
34            <intent-filter>
34-->src\main\AndroidManifest.xml:24:13-28:29
35                <action android:name="android.intent.action.VIEW" />
35-->src\main\AndroidManifest.xml:25:17-69
35-->src\main\AndroidManifest.xml:25:25-66
36
37                <category android:name="android.intent.category.DEFAULT" />
37-->src\main\AndroidManifest.xml:27:17-76
37-->src\main\AndroidManifest.xml:27:27-73
38            </intent-filter>
39
40            <meta-data
40-->src\main\AndroidManifest.xml:17:13-19:36
41                android:name="android.app.lib_name"
41-->src\main\AndroidManifest.xml:18:17-52
42                android:value="" />
42-->src\main\AndroidManifest.xml:19:17-33
43        </activity>
44        <activity
44-->src\main\AndroidManifest.xml:34:9-40:20
45            android:name="com.example.activity.forgetActivity"
45-->src\main\AndroidManifest.xml:35:13-43
46            android:exported="false" >
46-->src\main\AndroidManifest.xml:36:13-37
47            <meta-data
47-->src\main\AndroidManifest.xml:17:13-19:36
48                android:name="android.app.lib_name"
48-->src\main\AndroidManifest.xml:18:17-52
49                android:value="" />
49-->src\main\AndroidManifest.xml:19:17-33
50        </activity>
51        <activity
51-->src\main\AndroidManifest.xml:41:9-47:20
52            android:name="com.example.activity.MainActivity"
52-->src\main\AndroidManifest.xml:42:13-41
53            android:exported="false" >
53-->src\main\AndroidManifest.xml:43:13-37
54            <meta-data
54-->src\main\AndroidManifest.xml:17:13-19:36
55                android:name="android.app.lib_name"
55-->src\main\AndroidManifest.xml:18:17-52
56                android:value="" />
56-->src\main\AndroidManifest.xml:19:17-33
57        </activity>
58        <activity
58-->src\main\AndroidManifest.xml:48:9-60:20
59            android:name="com.example.activity.OnClickActivity"
59-->src\main\AndroidManifest.xml:49:13-44
60            android:exported="true" >
60-->src\main\AndroidManifest.xml:50:13-36
61            <intent-filter>
61-->src\main\AndroidManifest.xml:51:13-55:29
62                <action android:name="android.intent.action.MAIN" />
62-->src\main\AndroidManifest.xml:52:17-69
62-->src\main\AndroidManifest.xml:52:25-66
63
64                <category android:name="android.intent.category.LAUNCHER" />
64-->src\main\AndroidManifest.xml:54:17-77
64-->src\main\AndroidManifest.xml:54:27-74
65            </intent-filter>
66
67            <meta-data
67-->src\main\AndroidManifest.xml:17:13-19:36
68                android:name="android.app.lib_name"
68-->src\main\AndroidManifest.xml:18:17-52
69                android:value="" />
69-->src\main\AndroidManifest.xml:19:17-33
70        </activity>
71
72        <provider
72-->[androidx.emoji2:emoji2:1.0.0] AndroidManifest.xml:26:9-34:20
73            android:name="androidx.startup.InitializationProvider"
73-->[androidx.emoji2:emoji2:1.0.0] AndroidManifest.xml:27:13-67
74            android:authorities="com.example.activity.androidx-startup"
74-->[androidx.emoji2:emoji2:1.0.0] AndroidManifest.xml:28:13-68
75            android:exported="false" >
75-->[androidx.emoji2:emoji2:1.0.0] AndroidManifest.xml:29:13-37
76            <meta-data
76-->[androidx.emoji2:emoji2:1.0.0] AndroidManifest.xml:31:13-33:52
77                android:name="androidx.emoji2.text.EmojiCompatInitializer"
77-->[androidx.emoji2:emoji2:1.0.0] AndroidManifest.xml:32:17-75
78                android:value="androidx.startup" />
78-->[androidx.emoji2:emoji2:1.0.0] AndroidManifest.xml:33:17-49
79            <meta-data
79-->[androidx.lifecycle:lifecycle-process:2.4.0] AndroidManifest.xml:31:13-33:52
80                android:name="androidx.lifecycle.ProcessLifecycleInitializer"
80-->[androidx.lifecycle:lifecycle-process:2.4.0] AndroidManifest.xml:32:17-78
81                android:value="androidx.startup" />
81-->[androidx.lifecycle:lifecycle-process:2.4.0] AndroidManifest.xml:33:17-49
82        </provider>
83    </application>
84
85</manifest>